<?xml version="1.0" encoding="UTF-8"?>
<testng-results skipped="0" failed="0" ignored="0" total="2" passed="2">
  <reporter-output>
  </reporter-output>
  <suite name="Login" duration-ms="116" started-at="2019-11-18T15:02:44Z" finished-at="2019-11-18T15:02:44Z">
    <groups>
    </groups>
    <test name="login test" duration-ms="116" started-at="2019-11-18T15:02:44Z" finished-at="2019-11-18T15:02:44Z">
      <class name="recap.Soft">
        <test-method status="PASS" signature="test1()[pri:0, instance:recap.Soft@73f792cf]" name="test1" duration-ms="16" started-at="2019-11-18T15:02:44Z" finished-at="2019-11-18T15:02:44Z">
          <reporter-output>
          </reporter-output>
        </test-method> <!-- test1 -->
        <test-method status="PASS" signature="test2()[pri:0, instance:recap.Soft@73f792cf]" name="test2" duration-ms="0" started-at="2019-11-18T15:02:44Z" finished-at="2019-11-18T15:02:44Z">
          <reporter-output>
          </reporter-output>
        </test-method> <!-- test2 -->
      </class> <!-- recap.Soft -->
    </test> <!-- login test -->
  </suite> <!-- Login -->
</testng-results>
